2026-02-20 20:16:16.464 [background-preinit] INFO  o.h.validator.internal.util.Version - HV000001: Hibernate Validator 8.0.1.Final
2026-02-20 20:16:16.484 [main] INFO  com.company.project.Application - Starting Application using Java 21.0.8 with PID 73728 (/Users/dani.widodo/Documents/repos/generic-springboot-app/target/classes started by dani.widodo in /Users/dani.widodo/Documents/repos/generic-springboot-app)
2026-02-20 20:16:16.484 [main] DEBUG com.company.project.Application - Running with Spring Boot v3.2.3, Spring v6.1.4
2026-02-20 20:16:16.484 [main] INFO  com.company.project.Application - No active profile set, falling back to 1 default profile: "default"
2026-02-20 20:16:17.087 [main] INFO  o.s.d.r.c.RepositoryConfigurationDelegate - Multiple Spring Data modules found, entering strict repository configuration mode
2026-02-20 20:16:17.088 [main] INFO  o.s.d.r.c.RepositoryConfigurationDelegate - Bootstrapping Spring Data JPA repositories in DEFAULT mode.
2026-02-20 20:16:17.163 [main] INFO  o.s.d.r.c.RepositoryConfigurationDelegate - Finished Spring Data repository scanning in 71 ms. Found 1 JPA repository interface.
2026-02-20 20:16:17.168 [main] INFO  o.s.d.r.c.RepositoryConfigurationDelegate - Multiple Spring Data modules found, entering strict repository configuration mode
2026-02-20 20:16:17.168 [main] INFO  o.s.d.r.c.RepositoryConfigurationDelegate - Bootstrapping Spring Data MongoDB repositories in DEFAULT mode.
2026-02-20 20:16:17.171 [main] INFO  o.s.d.r.c.RepositoryConfigurationExtensionSupport - Spring Data MongoDB - Could not safely identify store assignment for repository candidate interface com.company.project.infrastructure.TodoJpaRepository; If you want this repository to be a MongoDB repository, consider annotating your entities with one of these annotations: org.springframework.data.mongodb.core.mapping.Document (preferred), or consider extending one of the following types with your repository: org.springframework.data.mongodb.repository.MongoRepository
2026-02-20 20:16:17.171 [main] INFO  o.s.d.r.c.RepositoryConfigurationDelegate - Finished Spring Data repository scanning in 3 ms. Found 0 MongoDB repository interfaces.
2026-02-20 20:16:17.178 [main] INFO  o.s.d.r.c.RepositoryConfigurationDelegate - Multiple Spring Data modules found, entering strict repository configuration mode
2026-02-20 20:16:17.178 [main] INFO  o.s.d.r.c.RepositoryConfigurationDelegate - Bootstrapping Spring Data Redis repositories in DEFAULT mode.
2026-02-20 20:16:17.184 [main] INFO  o.s.d.r.c.RepositoryConfigurationExtensionSupport - Spring Data Redis - Could not safely identify store assignment for repository candidate interface com.company.project.infrastructure.TodoJpaRepository; If you want this repository to be a Redis repository, consider annotating your entities with one of these annotations: org.springframework.data.redis.core.RedisHash (preferred), or consider extending one of the following types with your repository: org.springframework.data.keyvalue.repository.KeyValueRepository
2026-02-20 20:16:17.185 [main] INFO  o.s.d.r.c.RepositoryConfigurationDelegate - Finished Spring Data repository scanning in 2 ms. Found 0 Redis repository interfaces.
2026-02-20 20:16:17.583 [main] INFO  o.s.b.w.e.tomcat.TomcatWebServer - Tomcat initialized with port 8080 (http)
2026-02-20 20:16:17.590 [main] INFO  o.a.coyote.http11.Http11NioProtocol - Initializing ProtocolHandler ["http-nio-8080"]
2026-02-20 20:16:17.591 [main] INFO  o.a.catalina.core.StandardService - Starting service [Tomcat]
2026-02-20 20:16:17.591 [main] INFO  o.a.catalina.core.StandardEngine - Starting Servlet engine: [Apache Tomcat/10.1.19]
2026-02-20 20:16:17.622 [main] INFO  o.a.c.c.C.[Tomcat].[localhost].[/] - Initializing Spring embedded WebApplicationContext
2026-02-20 20:16:17.622 [main] INFO  o.s.b.w.s.c.ServletWebServerApplicationContext - Root WebApplicationContext: initialization completed in 1104 ms
2026-02-20 20:16:17.820 [main] INFO  com.zaxxer.hikari.HikariDataSource - HikariPool-1 - Starting...
2026-02-20 20:16:17.918 [main] INFO  com.zaxxer.hikari.pool.HikariPool - HikariPool-1 - Added connection org.postgresql.jdbc.PgConnection@5f803481
2026-02-20 20:16:17.919 [main] INFO  com.zaxxer.hikari.HikariDataSource - HikariPool-1 - Start completed.
2026-02-20 20:16:17.934 [main] INFO  org.flywaydb.core.FlywayExecutor - Database: jdbc:postgresql://localhost:5432/appdb (PostgreSQL 15.16)
2026-02-20 20:16:17.973 [main] INFO  o.f.core.internal.command.DbValidate - Successfully validated 1 migration (execution time 00:00.022s)
2026-02-20 20:16:18.001 [main] INFO  o.f.core.internal.command.DbMigrate - Current version of schema "public": 1
2026-02-20 20:16:18.003 [main] INFO  o.f.core.internal.command.DbMigrate - Schema "public" is up to date. No migration necessary.
2026-02-20 20:16:18.053 [main] INFO  o.h.jpa.internal.util.LogHelper - HHH000204: Processing PersistenceUnitInfo [name: default]
2026-02-20 20:16:18.086 [main] INFO  org.hibernate.Version - HHH000412: Hibernate ORM core version 6.4.4.Final
2026-02-20 20:16:18.105 [main] INFO  o.h.c.i.RegionFactoryInitiator - HHH000026: Second-level cache disabled
2026-02-20 20:16:18.218 [main] INFO  o.s.o.j.p.SpringPersistenceUnitInfo - No LoadTimeWeaver setup: ignoring JPA class transformer
2026-02-20 20:16:18.246 [main] WARN  org.hibernate.orm.deprecation - HHH90000025: PostgreSQLDialect does not need to be specified explicitly using 'hibernate.dialect' (remove the property setting and it will be selected by default)
2026-02-20 20:16:18.649 [main] INFO  o.h.e.t.j.p.i.JtaPlatformInitiator - HHH000489: No JTA platform available (set 'hibernate.transaction.jta.platform' to enable JTA platform integration)
2026-02-20 20:16:18.674 [main] INFO  o.s.o.j.LocalContainerEntityManagerFactoryBean - Initialized JPA EntityManagerFactory for persistence unit 'default'
2026-02-20 20:16:18.912 [main] WARN  o.s.b.a.o.j.JpaBaseConfiguration$JpaWebConfiguration - spring.jpa.open-in-view is enabled by default. Therefore, database queries may be performed during view rendering. Explicitly configure spring.jpa.open-in-view to disable this warning
2026-02-20 20:16:19.171 [main] INFO  org.mongodb.driver.client - MongoClient with metadata {"driver": {"name": "mongo-java-driver|sync|spring-boot", "version": "4.11.1"}, "os": {"type": "Darwin", "name": "Mac OS X", "architecture": "aarch64", "version": "14.8.3"}, "platform": "Java/Homebrew/21.0.8"} created with settings MongoClientSettings{readPreference=primary, writeConcern=WriteConcern{w=null, wTimeout=null ms, journal=null}, retryWrites=true, retryReads=true, readConcern=ReadConcern{level=null}, credential=MongoCredential{mechanism=null, userName='appuser', source='admin', password=<hidden>, mechanismProperties=<hidden>}, transportSettings=null, streamFactoryFactory=null, commandListeners=[io.micrometer.core.instrument.binder.mongodb.MongoMetricsCommandListener@70290678], codecRegistry=ProvidersCodecRegistry{codecProviders=[ValueCodecProvider{}, BsonValueCodecProvider{}, DBRefCodecProvider{}, DBObjectCodecProvider{}, DocumentCodecProvider{}, CollectionCodecProvider{}, IterableCodecProvider{}, MapCodecProvider{}, GeoJsonCodecProvider{}, GridFSFileCodecProvider{}, Jsr310CodecProvider{}, JsonObjectCodecProvider{}, BsonCodecProvider{}, EnumCodecProvider{}, com.mongodb.client.model.mql.ExpressionCodecProvider@4d099a37, com.mongodb.Jep395RecordCodecProvider@398a27e, com.mongodb.KotlinCodecProvider@7beb2bc2]}, loggerSettings=LoggerSettings{maxDocumentLength=1000}, clusterSettings={hosts=[localhost:27017], srvServiceName=mongodb, mode=SINGLE, requiredClusterType=UNKNOWN, requiredReplicaSetName='null', serverSelector='null', clusterListeners='[]', serverSelectionTimeout='30000 ms', localThreshold='15 ms'}, socketSettings=SocketSettings{connectTimeoutMS=10000, readTimeoutMS=0, receiveBufferSize=0, proxySettings=ProxySettings{host=null, port=null, username=null, password=null}}, heartbeatSocketSettings=SocketSettings{connectTimeoutMS=10000, readTimeoutMS=10000, receiveBufferSize=0, proxySettings=ProxySettings{host=null, port=null, username=null, password=null}}, connectionPoolSettings=ConnectionPoolSettings{maxSize=100, minSize=0, maxWaitTimeMS=120000, maxConnectionLifeTimeMS=0, maxConnectionIdleTimeMS=0, maintenanceInitialDelayMS=0, maintenanceFrequencyMS=60000, connectionPoolListeners=[io.micrometer.core.instrument.binder.mongodb.MongoMetricsConnectionPoolListener@79c9f619], maxConnecting=2}, serverSettings=ServerSettings{heartbeatFrequencyMS=10000, minHeartbeatFrequencyMS=500, serverListeners='[]', serverMonitorListeners='[]'}, sslSettings=SslSettings{enabled=false, invalidHostNameAllowed=false, context=null}, applicationName='null', compressorList=[], uuidRepresentation=JAVA_LEGACY, serverApi=null, autoEncryptionSettings=null, dnsClient=null, inetAddressResolver=null, contextProvider=null}
2026-02-20 20:16:19.182 [cluster-ClusterId{value='69985ea339a07365545e92bc', description='null'}-localhost:27017] INFO  org.mongodb.driver.cluster - Monitor thread successfully connected to server with description ServerDescription{address=localhost:27017, type=STANDALONE, state=CONNECTED, ok=true, minWireVersion=0, maxWireVersion=21, maxDocumentSize=16777216, logicalSessionTimeoutMinutes=30, roundTripTimeNanos=12486292}
2026-02-20 20:16:19.440 [main] INFO  o.s.b.a.e.web.EndpointLinksResolver - Exposing 3 endpoint(s) beneath base path '/actuator'
2026-02-20 20:16:19.489 [main] INFO  o.s.s.web.DefaultSecurityFilterChain - Will secure any request with [org.springframework.security.web.session.DisableEncodeUrlFilter@2d0ed017, org.springframework.security.web.context.request.async.WebAsyncManagerIntegrationFilter@445760e0, org.springframework.security.web.context.SecurityContextHolderFilter@10cae98c, org.springframework.security.web.header.HeaderWriterFilter@4e9ab294, org.springframework.web.filter.CorsFilter@22152da0, org.springframework.security.web.authentication.logout.LogoutFilter@74cf108b, org.springframework.security.web.savedrequest.RequestCacheAwareFilter@4d73b25b, org.springframework.security.web.servletapi.SecurityContextHolderAwareRequestFilter@13ecedf6, org.springframework.security.web.authentication.AnonymousAuthenticationFilter@b6c290a, org.springframework.security.web.session.SessionManagementFilter@3ca9e72d, org.springframework.security.web.access.ExceptionTranslationFilter@61186191, org.springframework.security.web.access.intercept.AuthorizationFilter@594ea722]
2026-02-20 20:16:19.720 [main] INFO  o.s.a.a.m.s.MpcServerAutoConfiguration - Registered tools2 notification: true
2026-02-20 20:16:20.000 [main] INFO  o.a.coyote.http11.Http11NioProtocol - Starting ProtocolHandler ["http-nio-8080"]
2026-02-20 20:16:20.008 [main] INFO  o.s.b.w.e.tomcat.TomcatWebServer - Tomcat started on port 8080 (http) with context path ''
2026-02-20 20:16:20.018 [main] INFO  c.c.p.i.ApplicationLifecycleConfig - Application context refreshed successfully
2026-02-20 20:16:20.019 [main] INFO  com.company.project.Application - Started Application in 3.783 seconds (process running for 3.97)
2026-02-20 20:16:20.058 [main] INFO  c.c.p.i.ApplicationLifecycleConfig - Application is ready to serve requests
2026-02-20 20:16:20.058 [main] INFO  com.company.project.Application - Application started successfully
2026-02-20 20:16:30.395 [http-nio-8080-exec-1] INFO  o.a.c.c.C.[Tomcat].[localhost].[/] - Initializing Spring DispatcherServlet 'dispatcherServlet'
2026-02-20 20:16:30.395 [http-nio-8080-exec-1] INFO  o.s.web.servlet.DispatcherServlet - Initializing Servlet 'dispatcherServlet'
2026-02-20 20:16:30.397 [http-nio-8080-exec-1] INFO  o.s.web.servlet.DispatcherServlet - Completed initialization in 2 ms
2026-02-20 20:16:30.442 [http-nio-8080-exec-1] DEBUG c.c.p.presentation.TodoController - Received request to get todo by id: 4
2026-02-20 20:16:30.449 [http-nio-8080-exec-1] DEBUG c.c.project.application.TodoService - Fetching todo by id: 4
2026-02-20 20:17:21.013 [http-nio-8080-exec-3] DEBUG c.c.p.presentation.TodoController - Received request to get todo by id: 4
2026-02-20 20:17:21.014 [http-nio-8080-exec-3] DEBUG c.c.project.application.TodoService - Fetching todo by id: 4
2026-02-20 20:18:50.360 [http-nio-8080-exec-5] DEBUG c.c.p.presentation.TodoController - Received request to get todo by id: 999
2026-02-20 20:18:50.365 [http-nio-8080-exec-5] DEBUG c.c.project.application.TodoService - Fetching todo by id: 999
2026-02-20 20:18:58.340 [SpringApplicationShutdownHook] INFO  c.c.p.i.ApplicationLifecycleConfig - Graceful shutdown initiated...
2026-02-20 20:18:58.341 [SpringApplicationShutdownHook] INFO  c.c.p.i.ApplicationLifecycleConfig - Closing database connections, cache, and other resources...
2026-02-20 20:18:58.350 [SpringApplicationShutdownHook] INFO  o.s.b.w.e.tomcat.GracefulShutdown - Commencing graceful shutdown. Waiting for active requests to complete
2026-02-20 20:19:02.365 [tomcat-shutdown] INFO  o.s.b.w.e.tomcat.GracefulShutdown - Graceful shutdown complete
2026-02-20 20:19:02.406 [SpringApplicationShutdownHook] INFO  c.c.p.i.ApplicationLifecycleConfig - Application bean destruction completed
2026-02-20 20:19:02.407 [SpringApplicationShutdownHook] INFO  o.s.o.j.LocalContainerEntityManagerFactoryBean - Closing JPA EntityManagerFactory for persistence unit 'default'
2026-02-20 20:19:02.410 [SpringApplicationShutdownHook] INFO  com.zaxxer.hikari.HikariDataSource - HikariPool-1 - Shutdown initiated...
2026-02-20 20:19:02.412 [SpringApplicationShutdownHook] INFO  com.zaxxer.hikari.HikariDataSource - HikariPool-1 - Shutdown completed.
2026-02-20 20:19:09.211 [background-preinit] INFO  o.h.validator.internal.util.Version - HV000001: Hibernate Validator 8.0.1.Final
2026-02-20 20:19:09.228 [main] INFO  com.company.project.Application - Starting Application using Java 21.0.8 with PID 79424 (/Users/dani.widodo/Documents/repos/generic-springboot-app/target/classes started by dani.widodo in /Users/dani.widodo/Documents/repos/generic-springboot-app)
2026-02-20 20:19:09.228 [main] DEBUG com.company.project.Application - Running with Spring Boot v3.2.3, Spring v6.1.4
2026-02-20 20:19:09.228 [main] INFO  com.company.project.Application - No active profile set, falling back to 1 default profile: "default"
2026-02-20 20:19:09.765 [main] INFO  o.s.d.r.c.RepositoryConfigurationDelegate - Multiple Spring Data modules found, entering strict repository configuration mode
2026-02-20 20:19:09.766 [main] INFO  o.s.d.r.c.RepositoryConfigurationDelegate - Bootstrapping Spring Data JPA repositories in DEFAULT mode.
2026-02-20 20:19:09.849 [main] INFO  o.s.d.r.c.RepositoryConfigurationDelegate - Finished Spring Data repository scanning in 79 ms. Found 1 JPA repository interface.
2026-02-20 20:19:09.854 [main] INFO  o.s.d.r.c.RepositoryConfigurationDelegate - Multiple Spring Data modules found, entering strict repository configuration mode
2026-02-20 20:19:09.854 [main] INFO  o.s.d.r.c.RepositoryConfigurationDelegate - Bootstrapping Spring Data MongoDB repositories in DEFAULT mode.
2026-02-20 20:19:09.857 [main] INFO  o.s.d.r.c.RepositoryConfigurationExtensionSupport - Spring Data MongoDB - Could not safely identify store assignment for repository candidate interface com.company.project.infrastructure.TodoJpaRepository; If you want this repository to be a MongoDB repository, consider annotating your entities with one of these annotations: org.springframework.data.mongodb.core.mapping.Document (preferred), or consider extending one of the following types with your repository: org.springframework.data.mongodb.repository.MongoRepository
2026-02-20 20:19:09.857 [main] INFO  o.s.d.r.c.RepositoryConfigurationDelegate - Finished Spring Data repository scanning in 3 ms. Found 0 MongoDB repository interfaces.
2026-02-20 20:19:09.862 [main] INFO  o.s.d.r.c.RepositoryConfigurationDelegate - Multiple Spring Data modules found, entering strict repository configuration mode
2026-02-20 20:19:09.863 [main] INFO  o.s.d.r.c.RepositoryConfigurationDelegate - Bootstrapping Spring Data Redis repositories in DEFAULT mode.
2026-02-20 20:19:09.869 [main] INFO  o.s.d.r.c.RepositoryConfigurationExtensionSupport - Spring Data Redis - Could not safely identify store assignment for repository candidate interface com.company.project.infrastructure.TodoJpaRepository; If you want this repository to be a Redis repository, consider annotating your entities with one of these annotations: org.springframework.data.redis.core.RedisHash (preferred), or consider extending one of the following types with your repository: org.springframework.data.keyvalue.repository.KeyValueRepository
2026-02-20 20:19:09.869 [main] INFO  o.s.d.r.c.RepositoryConfigurationDelegate - Finished Spring Data repository scanning in 2 ms. Found 0 Redis repository interfaces.
2026-02-20 20:19:10.273 [main] INFO  o.s.b.w.e.tomcat.TomcatWebServer - Tomcat initialized with port 8080 (http)
2026-02-20 20:19:10.278 [main] INFO  o.a.coyote.http11.Http11NioProtocol - Initializing ProtocolHandler ["http-nio-8080"]
2026-02-20 20:19:10.279 [main] INFO  o.a.catalina.core.StandardService - Starting service [Tomcat]
2026-02-20 20:19:10.279 [main] INFO  o.a.catalina.core.StandardEngine - Starting Servlet engine: [Apache Tomcat/10.1.19]
2026-02-20 20:19:10.310 [main] INFO  o.a.c.c.C.[Tomcat].[localhost].[/] - Initializing Spring embedded WebApplicationContext
2026-02-20 20:19:10.310 [main] INFO  o.s.b.w.s.c.ServletWebServerApplicationContext - Root WebApplicationContext: initialization completed in 1064 ms
2026-02-20 20:19:10.510 [main] INFO  com.zaxxer.hikari.HikariDataSource - HikariPool-1 - Starting...
2026-02-20 20:19:10.609 [main] INFO  com.zaxxer.hikari.pool.HikariPool - HikariPool-1 - Added connection org.postgresql.jdbc.PgConnection@3ef089ce
2026-02-20 20:19:10.610 [main] INFO  com.zaxxer.hikari.HikariDataSource - HikariPool-1 - Start completed.
2026-02-20 20:19:10.626 [main] INFO  org.flywaydb.core.FlywayExecutor - Database: jdbc:postgresql://localhost:5432/appdb (PostgreSQL 15.16)
2026-02-20 20:19:10.663 [main] INFO  o.f.core.internal.command.DbValidate - Successfully validated 1 migration (execution time 00:00.019s)
2026-02-20 20:19:10.690 [main] INFO  o.f.core.internal.command.DbMigrate - Current version of schema "public": 1
2026-02-20 20:19:10.691 [main] INFO  o.f.core.internal.command.DbMigrate - Schema "public" is up to date. No migration necessary.
2026-02-20 20:19:10.746 [main] INFO  o.h.jpa.internal.util.LogHelper - HHH000204: Processing PersistenceUnitInfo [name: default]
2026-02-20 20:19:10.776 [main] INFO  org.hibernate.Version - HHH000412: Hibernate ORM core version 6.4.4.Final
2026-02-20 20:19:10.793 [main] INFO  o.h.c.i.RegionFactoryInitiator - HHH000026: Second-level cache disabled
2026-02-20 20:19:10.913 [main] INFO  o.s.o.j.p.SpringPersistenceUnitInfo - No LoadTimeWeaver setup: ignoring JPA class transformer
2026-02-20 20:19:10.940 [main] WARN  org.hibernate.orm.deprecation - HHH90000025: PostgreSQLDialect does not need to be specified explicitly using 'hibernate.dialect' (remove the property setting and it will be selected by default)
2026-02-20 20:19:11.365 [main] INFO  o.h.e.t.j.p.i.JtaPlatformInitiator - HHH000489: No JTA platform available (set 'hibernate.transaction.jta.platform' to enable JTA platform integration)
2026-02-20 20:19:11.387 [main] INFO  o.s.o.j.LocalContainerEntityManagerFactoryBean - Initialized JPA EntityManagerFactory for persistence unit 'default'
2026-02-20 20:19:11.631 [main] WARN  o.s.b.a.o.j.JpaBaseConfiguration$JpaWebConfiguration - spring.jpa.open-in-view is enabled by default. Therefore, database queries may be performed during view rendering. Explicitly configure spring.jpa.open-in-view to disable this warning
2026-02-20 20:19:11.887 [main] INFO  org.mongodb.driver.client - MongoClient with metadata {"driver": {"name": "mongo-java-driver|sync|spring-boot", "version": "4.11.1"}, "os": {"type": "Darwin", "name": "Mac OS X", "architecture": "aarch64", "version": "14.8.3"}, "platform": "Java/Homebrew/21.0.8"} created with settings MongoClientSettings{readPreference=primary, writeConcern=WriteConcern{w=null, wTimeout=null ms, journal=null}, retryWrites=true, retryReads=true, readConcern=ReadConcern{level=null}, credential=MongoCredential{mechanism=null, userName='appuser', source='admin', password=<hidden>, mechanismProperties=<hidden>}, transportSettings=null, streamFactoryFactory=null, commandListeners=[io.micrometer.core.instrument.binder.mongodb.MongoMetricsCommandListener@4cae7d5], codecRegistry=ProvidersCodecRegistry{codecProviders=[ValueCodecProvider{}, BsonValueCodecProvider{}, DBRefCodecProvider{}, DBObjectCodecProvider{}, DocumentCodecProvider{}, CollectionCodecProvider{}, IterableCodecProvider{}, MapCodecProvider{}, GeoJsonCodecProvider{}, GridFSFileCodecProvider{}, Jsr310CodecProvider{}, JsonObjectCodecProvider{}, BsonCodecProvider{}, EnumCodecProvider{}, com.mongodb.client.model.mql.ExpressionCodecProvider@32107bba, com.mongodb.Jep395RecordCodecProvider@102bce96, com.mongodb.KotlinCodecProvider@3759ea4d]}, loggerSettings=LoggerSettings{maxDocumentLength=1000}, clusterSettings={hosts=[localhost:27017], srvServiceName=mongodb, mode=SINGLE, requiredClusterType=UNKNOWN, requiredReplicaSetName='null', serverSelector='null', clusterListeners='[]', serverSelectionTimeout='30000 ms', localThreshold='15 ms'}, socketSettings=SocketSettings{connectTimeoutMS=10000, readTimeoutMS=0, receiveBufferSize=0, proxySettings=ProxySettings{host=null, port=null, username=null, password=null}}, heartbeatSocketSettings=SocketSettings{connectTimeoutMS=10000, readTimeoutMS=10000, receiveBufferSize=0, proxySettings=ProxySettings{host=null, port=null, username=null, password=null}}, connectionPoolSettings=ConnectionPoolSettings{maxSize=100, minSize=0, maxWaitTimeMS=120000, maxConnectionLifeTimeMS=0, maxConnectionIdleTimeMS=0, maintenanceInitialDelayMS=0, maintenanceFrequencyMS=60000, connectionPoolListeners=[io.micrometer.core.instrument.binder.mongodb.MongoMetricsConnectionPoolListener@5c14c284], maxConnecting=2}, serverSettings=ServerSettings{heartbeatFrequencyMS=10000, minHeartbeatFrequencyMS=500, serverListeners='[]', serverMonitorListeners='[]'}, sslSettings=SslSettings{enabled=false, invalidHostNameAllowed=false, context=null}, applicationName='null', compressorList=[], uuidRepresentation=JAVA_LEGACY, serverApi=null, autoEncryptionSettings=null, dnsClient=null, inetAddressResolver=null, contextProvider=null}
2026-02-20 20:19:11.896 [cluster-ClusterId{value='69985f4f03dfa3666b4dd053', description='null'}-localhost:27017] INFO  org.mongodb.driver.cluster - Monitor thread successfully connected to server with description ServerDescription{address=localhost:27017, type=STANDALONE, state=CONNECTED, ok=true, minWireVersion=0, maxWireVersion=21, maxDocumentSize=16777216, logicalSessionTimeoutMinutes=30, roundTripTimeNanos=10556209}
2026-02-20 20:19:12.125 [main] INFO  o.s.b.a.e.web.EndpointLinksResolver - Exposing 3 endpoint(s) beneath base path '/actuator'
2026-02-20 20:19:12.168 [main] INFO  o.s.s.web.DefaultSecurityFilterChain - Will secure any request with [org.springframework.security.web.session.DisableEncodeUrlFilter@27c05ed9, org.springframework.security.web.context.request.async.WebAsyncManagerIntegrationFilter@61377842, org.springframework.security.web.context.SecurityContextHolderFilter@2c1c3c13, org.springframework.security.web.header.HeaderWriterFilter@61cf810c, org.springframework.web.filter.CorsFilter@51cbd1d, org.springframework.security.web.authentication.logout.LogoutFilter@106a6a1b, org.springframework.security.web.savedrequest.RequestCacheAwareFilter@3ca9e72d, org.springframework.security.web.servletapi.SecurityContextHolderAwareRequestFilter@7287811f, org.springframework.security.web.authentication.AnonymousAuthenticationFilter@26f29ee5, org.springframework.security.web.session.SessionManagementFilter@33681da, org.springframework.security.web.access.ExceptionTranslationFilter@1be62793, org.springframework.security.web.access.intercept.AuthorizationFilter@12ce9299]
2026-02-20 20:19:12.372 [main] INFO  o.s.a.a.m.s.MpcServerAutoConfiguration - Registered tools2 notification: true
2026-02-20 20:19:12.636 [main] INFO  o.a.coyote.http11.Http11NioProtocol - Starting ProtocolHandler ["http-nio-8080"]
2026-02-20 20:19:12.644 [main] INFO  o.s.b.w.e.tomcat.TomcatWebServer - Tomcat started on port 8080 (http) with context path ''
2026-02-20 20:19:12.654 [main] INFO  c.c.p.i.ApplicationLifecycleConfig - Application context refreshed successfully
2026-02-20 20:19:12.654 [main] INFO  com.company.project.Application - Started Application in 3.664 seconds (process running for 3.844)
2026-02-20 20:19:12.691 [main] INFO  c.c.p.i.ApplicationLifecycleConfig - Application is ready to serve requests
2026-02-20 20:19:12.691 [main] INFO  com.company.project.Application - Application started successfully
2026-02-20 20:19:16.357 [http-nio-8080-exec-1] INFO  o.a.c.c.C.[Tomcat].[localhost].[/] - Initializing Spring DispatcherServlet 'dispatcherServlet'
2026-02-20 20:19:16.357 [http-nio-8080-exec-1] INFO  o.s.web.servlet.DispatcherServlet - Initializing Servlet 'dispatcherServlet'
2026-02-20 20:19:16.359 [http-nio-8080-exec-1] INFO  o.s.web.servlet.DispatcherServlet - Completed initialization in 1 ms
2026-02-20 20:19:16.397 [http-nio-8080-exec-1] DEBUG c.c.p.presentation.TodoController - Received request to get todo by id: 999
2026-02-20 20:19:16.403 [http-nio-8080-exec-1] DEBUG c.c.project.application.TodoService - Fetching todo by id: 999
2026-02-20 20:19:24.348 [http-nio-8080-exec-3] DEBUG c.c.p.presentation.TodoController - Received request to get todo by id: 4
2026-02-20 20:19:24.350 [http-nio-8080-exec-3] DEBUG c.c.project.application.TodoService - Fetching todo by id: 4
2026-02-20 20:19:34.985 [http-nio-8080-exec-5] DEBUG c.c.p.presentation.TodoController - Received request to get todo by id: 4
2026-02-20 20:19:34.986 [http-nio-8080-exec-5] DEBUG c.c.project.application.TodoService - Fetching todo by id: 4
2026-02-20 20:19:45.947 [http-nio-8080-exec-7] DEBUG c.c.p.presentation.TodoController - Received request to get todo by id: 4
2026-02-20 20:19:45.952 [http-nio-8080-exec-7] DEBUG c.c.project.application.TodoService - Fetching todo by id: 4
2026-02-20 20:19:56.419 [http-nio-8080-exec-9] WARN  o.s.w.s.m.s.DefaultHandlerExceptionResolver - Resolved [org.springframework.web.bind.MethodArgumentNotValidException: Validation failed for argument [1] in public org.springframework.http.ResponseEntity<?> com.company.project.presentation.TodoController.updateTodo(java.lang.Long,com.company.project.dto.TodoRequest): [Field error in object 'todoRequest' on field 'title': rejected value []; codes [NotBlank.todoRequest.title,NotBlank.title,NotBlank.java.lang.String,NotBlank]; arguments [org.springframework.context.support.DefaultMessageSourceResolvable: codes [todoRequest.title,title]; arguments []; default message [title]]; default message [Title is required]] ]
2026-02-20 20:19:57.867 [http-nio-8080-exec-10] WARN  o.s.w.s.m.s.DefaultHandlerExceptionResolver - Resolved [org.springframework.web.bind.MethodArgumentNotValidException: Validation failed for argument [1] in public org.springframework.http.ResponseEntity<?> com.company.project.presentation.TodoController.updateTodo(java.lang.Long,com.company.project.dto.TodoRequest): [Field error in object 'todoRequest' on field 'title': rejected value []; codes [NotBlank.todoRequest.title,NotBlank.title,NotBlank.java.lang.String,NotBlank]; arguments [org.springframework.context.support.DefaultMessageSourceResolvable: codes [todoRequest.title,title]; arguments []; default message [title]]; default message [Title is required]] ]
2026-02-20 20:19:58.389 [http-nio-8080-exec-1] WARN  o.s.w.s.m.s.DefaultHandlerExceptionResolver - Resolved [org.springframework.web.bind.MethodArgumentNotValidException: Validation failed for argument [1] in public org.springframework.http.ResponseEntity<?> com.company.project.presentation.TodoController.updateTodo(java.lang.Long,com.company.project.dto.TodoRequest): [Field error in object 'todoRequest' on field 'title': rejected value []; codes [NotBlank.todoRequest.title,NotBlank.title,NotBlank.java.lang.String,NotBlank]; arguments [org.springframework.context.support.DefaultMessageSourceResolvable: codes [todoRequest.title,title]; arguments []; default message [title]]; default message [Title is required]] ]
2026-02-20 20:19:58.854 [http-nio-8080-exec-2] WARN  o.s.w.s.m.s.DefaultHandlerExceptionResolver - Resolved [org.springframework.web.bind.MethodArgumentNotValidException: Validation failed for argument [1] in public org.springframework.http.ResponseEntity<?> com.company.project.presentation.TodoController.updateTodo(java.lang.Long,com.company.project.dto.TodoRequest): [Field error in object 'todoRequest' on field 'title': rejected value []; codes [NotBlank.todoRequest.title,NotBlank.title,NotBlank.java.lang.String,NotBlank]; arguments [org.springframework.context.support.DefaultMessageSourceResolvable: codes [todoRequest.title,title]; arguments []; default message [title]]; default message [Title is required]] ]
2026-02-20 20:20:03.145 [http-nio-8080-exec-3] WARN  o.s.w.s.m.s.DefaultHandlerExceptionResolver - Resolved [org.springframework.web.bind.MethodArgumentNotValidException: Validation failed for argument [1] in public org.springframework.http.ResponseEntity<?> com.company.project.presentation.TodoController.updateTodo(java.lang.Long,com.company.project.dto.TodoRequest): [Field error in object 'todoRequest' on field 'title': rejected value []; codes [NotBlank.todoRequest.title,NotBlank.title,NotBlank.java.lang.String,NotBlank]; arguments [org.springframework.context.support.DefaultMessageSourceResolvable: codes [todoRequest.title,title]; arguments []; default message [title]]; default message [Title is required]] ]
2026-02-20 20:20:16.857 [http-nio-8080-exec-5] INFO  c.c.p.presentation.TodoController - Received request to update todo with id: 2
2026-02-20 20:20:16.861 [http-nio-8080-exec-5] INFO  c.c.project.application.TodoService - Updating todo with id: 2
2026-02-20 20:20:16.883 [http-nio-8080-exec-5] INFO  c.c.project.application.TodoService - Updated todo with id: 2
2026-02-20 20:20:18.604 [http-nio-8080-exec-6] INFO  c.c.p.presentation.TodoController - Received request to update todo with id: 2
2026-02-20 20:20:18.608 [http-nio-8080-exec-6] INFO  c.c.project.application.TodoService - Updating todo with id: 2
2026-02-20 20:20:18.617 [http-nio-8080-exec-6] INFO  c.c.project.application.TodoService - Updated todo with id: 2
2026-02-20 20:20:23.135 [http-nio-8080-exec-7] DEBUG c.c.p.presentation.TodoController - Received request to get all todos
2026-02-20 20:20:23.138 [http-nio-8080-exec-7] DEBUG c.c.project.application.TodoService - Fetching all todos
2026-02-20 20:20:23.215 [http-nio-8080-exec-7] DEBUG c.c.p.presentation.TodoController - Returning 2 todos
